[01m[K/home/david/ros2_ws/src/my_planner/src/motion_controller_node.cpp:[m[K In member function â€˜[01m[Kvoid MotionControllerNode::controlLoop()[m[Kâ€™:
[01m[K/home/david/ros2_ws/src/my_planner/src/motion_controller_node.cpp:33:9:[m[K [01;31m[Kerror: [m[Kâ€˜[01m[Kvelocity_msg[m[Kâ€™ was not declared in this scope
   33 |         [01;31m[Kvelocity_msg[m[K.linear.x = kp * error_x;
      |         [01;31m[K^~~~~~~~~~~~[m[K
In file included from [01m[K/opt/ros/humble/include/rclcpp/rclcpp/logging.hpp:24[m[K,
                 from [01m[K/opt/ros/humble/include/rclcpp/rclcpp/client.hpp:40[m[K,
                 from [01m[K/opt/ros/humble/include/rclcpp/rclcpp/callback_group.hpp:24[m[K,
                 from [01m[K/opt/ros/humble/include/rclcpp/rclcpp/any_executable.hpp:20[m[K,
                 from [01m[K/opt/ros/humble/include/rclcpp/rclcpp/memory_strategy.hpp:25[m[K,
                 from [01m[K/opt/ros/humble/include/rclcpp/rclcpp/memory_strategies.hpp:18[m[K,
                 from [01m[K/opt/ros/humble/include/rclcpp/rclcpp/executor_options.hpp:20[m[K,
                 from [01m[K/opt/ros/humble/include/rclcpp/rclcpp/executor.hpp:37[m[K,
                 from [01m[K/opt/ros/humble/include/rclcpp/rclcpp/executors/multi_threaded_executor.hpp:25[m[K,
                 from [01m[K/opt/ros/humble/include/rclcpp/rclcpp/executors.hpp:21[m[K,
                 from [01m[K/opt/ros/humble/include/rclcpp/rclcpp/rclcpp.hpp:155[m[K,
                 from [01m[K/home/david/ros2_ws/src/my_planner/src/motion_controller_node.cpp:1[m[K:
[01m[K/home/david/ros2_ws/src/my_planner/src/motion_controller_node.cpp:36:100:[m[K [01;31m[Kerror: [m[Kâ€˜[01m[Kvelocity[m[Kâ€™ was not declared in this scope
   36 |         RCLCPP_INFO(this->get_logger(), "Sending velocity: x=%.2f, y=%.2f", velocity_msg.linear.x, [01;31m[Kvelocity[m[K.linear.y);
      |                                                                                                    [01;31m[K^~~~~~~~[m[K
gmake[2]: *** [CMakeFiles/motion_controller_node.dir/build.make:76: CMakeFiles/motion_controller_node.dir/src/motion_controller_node.cpp.o] Error 1
gmake[1]: *** [CMakeFiles/Makefile2:156: CMakeFiles/motion_controller_node.dir/all] Error 2
gmake[1]: *** Waiting for unfinished jobs....
gmake: *** [Makefile:146: all] Error 2
