-- Found ament_cmake: 1.3.10 (/opt/ros/humble/share/ament_cmake/cmake)
-- Found rclcpp: 16.0.10 (/opt/ros/humble/share/rclcpp/cmake)
-- Found rosidl_generator_c: 3.1.5 (/opt/ros/humble/share/rosidl_generator_c/cmake)
-- Found rosidl_adapter: 3.1.5 (/opt/ros/humble/share/rosidl_adapter/cmake)
-- Found rosidl_generator_cpp: 3.1.5 (/opt/ros/humble/share/rosidl_generator_cpp/cmake)
-- Using all available rosidl_typesupport_c: rosidl_typesupport_fastrtps_c;rosidl_typesupport_introspection_c
-- Using all available rosidl_typesupport_cpp: rosidl_typesupport_fastrtps_cpp;rosidl_typesupport_introspection_cpp
-- Found rmw_implementation_cmake: 6.1.2 (/opt/ros/humble/share/rmw_implementation_cmake/cmake)
-- Found rmw_fastrtps_cpp: 6.2.7 (/opt/ros/humble/share/rmw_fastrtps_cpp/cmake)
-- Using RMW implementation 'rmw_fastrtps_cpp' as default
-- Found geometry_msgs: 4.2.4 (/opt/ros/humble/share/geometry_msgs/cmake)
-- Found apriltag_msgs: 2.0.1 (/opt/ros/humble/share/apriltag_msgs/cmake)
-- Found ament_lint_auto: 0.12.11 (/opt/ros/humble/share/ament_lint_auto/cmake)
-- Added test 'cppcheck' to perform static code analysis on C / C++ code
-- Configured cppcheck include dirs: $<BUILD_INTERFACE:/home/david/ros2_ws/src/my_planner/david_planner/include>
-- Configured cppcheck exclude dirs and/or files: 
-- Added test 'flake8' to check Python code syntax and style conventions
-- Added test 'lint_cmake' to check CMake code style
-- Added test 'pep257' to check Python code against some of the docstring style conventions in PEP 257
-- Added test 'uncrustify' to check C / C++ code style
-- Configured uncrustify additional arguments: 
-- Added test 'xmllint' to check XML markup files
-- Configuring done
-- Generating done
-- Build files have been written to: /home/david/ros2_ws/src/my_planner/build/my_planner
[ 20%] Built target david_planner_lib
[ 40%] [32mBuilding CXX object CMakeFiles/tag_detector_node.dir/src/tag_detector_node.cpp.o[0m
[ 60%] [32mBuilding CXX object CMakeFiles/motion_controller_node.dir/src/motion_controller_node.cpp.o[0m
[01m[K/home/david/ros2_ws/src/my_planner/src/motion_controller_node.cpp:[m[K In member function â€˜[01m[Kvoid MotionControllerNode::controlLoop()[m[Kâ€™:
[01m[K/home/david/ros2_ws/src/my_planner/src/motion_controller_node.cpp:33:9:[m[K [01;31m[Kerror: [m[Kâ€˜[01m[Kvelocity_msg[m[Kâ€™ was not declared in this scope
   33 |         [01;31m[Kvelocity_msg[m[K.linear.x = kp * error_x;
      |         [01;31m[K^~~~~~~~~~~~[m[K
In file included from [01m[K/opt/ros/humble/include/rclcpp/rclcpp/logging.hpp:24[m[K,
                 from [01m[K/opt/ros/humble/include/rclcpp/rclcpp/client.hpp:40[m[K,
                 from [01m[K/opt/ros/humble/include/rclcpp/rclcpp/callback_group.hpp:24[m[K,
                 from [01m[K/opt/ros/humble/include/rclcpp/rclcpp/any_executable.hpp:20[m[K,
                 from [01m[K/opt/ros/humble/include/rclcpp/rclcpp/memory_strategy.hpp:25[m[K,
                 from [01m[K/opt/ros/humble/include/rclcpp/rclcpp/memory_strategies.hpp:18[m[K,
                 from [01m[K/opt/ros/humble/include/rclcpp/rclcpp/executor_options.hpp:20[m[K,
                 from [01m[K/opt/ros/humble/include/rclcpp/rclcpp/executor.hpp:37[m[K,
                 from [01m[K/opt/ros/humble/include/rclcpp/rclcpp/executors/multi_threaded_executor.hpp:25[m[K,
                 from [01m[K/opt/ros/humble/include/rclcpp/rclcpp/executors.hpp:21[m[K,
                 from [01m[K/opt/ros/humble/include/rclcpp/rclcpp/rclcpp.hpp:155[m[K,
                 from [01m[K/home/david/ros2_ws/src/my_planner/src/motion_controller_node.cpp:1[m[K:
[01m[K/home/david/ros2_ws/src/my_planner/src/motion_controller_node.cpp:36:100:[m[K [01;31m[Kerror: [m[Kâ€˜[01m[Kvelocity[m[Kâ€™ was not declared in this scope
   36 |         RCLCPP_INFO(this->get_logger(), "Sending velocity: x=%.2f, y=%.2f", velocity_msg.linear.x, [01;31m[Kvelocity[m[K.linear.y);
      |                                                                                                    [01;31m[K^~~~~~~~[m[K
gmake[2]: *** [CMakeFiles/motion_controller_node.dir/build.make:76: CMakeFiles/motion_controller_node.dir/src/motion_controller_node.cpp.o] Error 1
gmake[1]: *** [CMakeFiles/Makefile2:156: CMakeFiles/motion_controller_node.dir/all] Error 2
gmake[1]: *** Waiting for unfinished jobs....
[ 80%] [32m[1mLinking CXX executable tag_detector_node[0m
[ 80%] Built target tag_detector_node
gmake: *** [Makefile:146: all] Error 2
