[0.026s] Invoking command in '/home/david/ros2_ws/src/my_planner/build/my_planner': CMAKE_PREFIX_PATH=${CMAKE_PREFIX_PATH}:/home/david/ros2_ws/install/example_py_pkg:/home/david/ros2_ws/install/crazyflie_py:/opt/ros/humble /usr/bin/cmake --build /home/david/ros2_ws/src/my_planner/build/my_planner -- -j4 -l4
[0.075s] -- Found ament_cmake: 1.3.10 (/opt/ros/humble/share/ament_cmake/cmake)
[0.312s] -- Found rclcpp: 16.0.10 (/opt/ros/humble/share/rclcpp/cmake)
[0.375s] -- Found rosidl_generator_c: 3.1.5 (/opt/ros/humble/share/rosidl_generator_c/cmake)
[0.381s] -- Found rosidl_adapter: 3.1.5 (/opt/ros/humble/share/rosidl_adapter/cmake)
[0.394s] -- Found rosidl_generator_cpp: 3.1.5 (/opt/ros/humble/share/rosidl_generator_cpp/cmake)
[0.410s] -- Using all available rosidl_typesupport_c: rosidl_typesupport_fastrtps_c;rosidl_typesupport_introspection_c
[0.429s] -- Using all available rosidl_typesupport_cpp: rosidl_typesupport_fastrtps_cpp;rosidl_typesupport_introspection_cpp
[0.496s] -- Found rmw_implementation_cmake: 6.1.2 (/opt/ros/humble/share/rmw_implementation_cmake/cmake)
[0.499s] -- Found rmw_fastrtps_cpp: 6.2.7 (/opt/ros/humble/share/rmw_fastrtps_cpp/cmake)
[0.681s] -- Using RMW implementation 'rmw_fastrtps_cpp' as default
[0.770s] -- Found geometry_msgs: 4.2.4 (/opt/ros/humble/share/geometry_msgs/cmake)
[0.788s] -- Found apriltag_msgs: 2.0.1 (/opt/ros/humble/share/apriltag_msgs/cmake)
[0.807s] -- Found ament_lint_auto: 0.12.11 (/opt/ros/humble/share/ament_lint_auto/cmake)
[1.070s] -- Added test 'cppcheck' to perform static code analysis on C / C++ code
[1.070s] -- Configured cppcheck include dirs: $<BUILD_INTERFACE:/home/david/ros2_ws/src/my_planner/david_planner/include>
[1.070s] -- Configured cppcheck exclude dirs and/or files: 
[1.094s] -- Added test 'flake8' to check Python code syntax and style conventions
[1.136s] -- Added test 'lint_cmake' to check CMake code style
[1.153s] -- Added test 'pep257' to check Python code against some of the docstring style conventions in PEP 257
[1.285s] -- Added test 'uncrustify' to check C / C++ code style
[1.285s] -- Configured uncrustify additional arguments: 
[1.304s] -- Added test 'xmllint' to check XML markup files
[1.305s] -- Configuring done
[1.325s] -- Generating done
[1.328s] -- Build files have been written to: /home/david/ros2_ws/src/my_planner/build/my_planner
[1.381s] [ 20%] Built target david_planner_lib
[1.420s] [ 40%] [32mBuilding CXX object CMakeFiles/tag_detector_node.dir/src/tag_detector_node.cpp.o[0m
[1.422s] [ 60%] [32mBuilding CXX object CMakeFiles/motion_controller_node.dir/src/motion_controller_node.cpp.o[0m
[8.463s] [01m[K/home/david/ros2_ws/src/my_planner/src/motion_controller_node.cpp:[m[K In member function â€˜[01m[Kvoid MotionControllerNode::controlLoop()[m[Kâ€™:
[8.463s] [01m[K/home/david/ros2_ws/src/my_planner/src/motion_controller_node.cpp:33:9:[m[K [01;31m[Kerror: [m[Kâ€˜[01m[Kvelocity_msg[m[Kâ€™ was not declared in this scope
[8.463s]    33 |         [01;31m[Kvelocity_msg[m[K.linear.x = kp * error_x;
[8.463s]       |         [01;31m[K^~~~~~~~~~~~[m[K
[8.477s] In file included from [01m[K/opt/ros/humble/include/rclcpp/rclcpp/logging.hpp:24[m[K,
[8.477s]                  from [01m[K/opt/ros/humble/include/rclcpp/rclcpp/client.hpp:40[m[K,
[8.477s]                  from [01m[K/opt/ros/humble/include/rclcpp/rclcpp/callback_group.hpp:24[m[K,
[8.477s]                  from [01m[K/opt/ros/humble/include/rclcpp/rclcpp/any_executable.hpp:20[m[K,
[8.477s]                  from [01m[K/opt/ros/humble/include/rclcpp/rclcpp/memory_strategy.hpp:25[m[K,
[8.478s]                  from [01m[K/opt/ros/humble/include/rclcpp/rclcpp/memory_strategies.hpp:18[m[K,
[8.478s]                  from [01m[K/opt/ros/humble/include/rclcpp/rclcpp/executor_options.hpp:20[m[K,
[8.478s]                  from [01m[K/opt/ros/humble/include/rclcpp/rclcpp/executor.hpp:37[m[K,
[8.478s]                  from [01m[K/opt/ros/humble/include/rclcpp/rclcpp/executors/multi_threaded_executor.hpp:25[m[K,
[8.478s]                  from [01m[K/opt/ros/humble/include/rclcpp/rclcpp/executors.hpp:21[m[K,
[8.478s]                  from [01m[K/opt/ros/humble/include/rclcpp/rclcpp/rclcpp.hpp:155[m[K,
[8.479s]                  from [01m[K/home/david/ros2_ws/src/my_planner/src/motion_controller_node.cpp:1[m[K:
[8.479s] [01m[K/home/david/ros2_ws/src/my_planner/src/motion_controller_node.cpp:36:100:[m[K [01;31m[Kerror: [m[Kâ€˜[01m[Kvelocity[m[Kâ€™ was not declared in this scope
[8.479s]    36 |         RCLCPP_INFO(this->get_logger(), "Sending velocity: x=%.2f, y=%.2f", velocity_msg.linear.x, [01;31m[Kvelocity[m[K.linear.y);
[8.479s]       |                                                                                                    [01;31m[K^~~~~~~~[m[K
[11.967s] gmake[2]: *** [CMakeFiles/motion_controller_node.dir/build.make:76: CMakeFiles/motion_controller_node.dir/src/motion_controller_node.cpp.o] Error 1
[11.968s] gmake[1]: *** [CMakeFiles/Makefile2:156: CMakeFiles/motion_controller_node.dir/all] Error 2
[11.968s] gmake[1]: *** Waiting for unfinished jobs....
[17.049s] [ 80%] [32m[1mLinking CXX executable tag_detector_node[0m
[17.704s] [ 80%] Built target tag_detector_node
[17.706s] gmake: *** [Makefile:146: all] Error 2
[17.711s] Invoked command in '/home/david/ros2_ws/src/my_planner/build/my_planner' returned '2': CMAKE_PREFIX_PATH=${CMAKE_PREFIX_PATH}:/home/david/ros2_ws/install/example_py_pkg:/home/david/ros2_ws/install/crazyflie_py:/opt/ros/humble /usr/bin/cmake --build /home/david/ros2_ws/src/my_planner/build/my_planner -- -j4 -l4
